<?xml version="1.0" encoding="UTF-8"?>
<!-- Generated by org.testng.reporters.JUnitReportReporter -->
<testsuite hostname="sandesh56" failures="0" tests="1" name="Home.testNG.HomePageTest" time="8.718" errors="0" timestamp="2023-02-28T18:18:43 IST" skipped="0">
  <testcase classname="Home.testNG.HomePageTest" name="homePage" time="8.718"/>
  <system-out/>
</testsuite> <!-- Home.testNG.HomePageTest -->
