<?xml version="1.0" encoding="UTF-8"?>
<!-- Generated by org.testng.reporters.JUnitReportReporter -->
<testsuite hostname="sandesh56" failures="0" tests="2" name="TricentisAutomation.AutomobileInsuranceTest" time="1.350" errors="0" timestamp="2023-02-28T10:58:55 IST" skipped="0">
  <testcase classname="TricentisAutomation.AutomobileInsuranceTest" name="automobile" time="1.257"/>
  <system-out/>
  <testcase classname="TricentisAutomation.AutomobileInsuranceTest" name="homePage" time="0.093"/>
  <system-out/>
</testsuite> <!-- TricentisAutomation.AutomobileInsuranceTest -->
