<?xml version="1.0" encoding="UTF-8"?>
<!-- Generated by org.testng.reporters.JUnitReportReporter -->
<testsuite hostname="sandesh56" failures="0" tests="1" name="Home.testNG.BrowserTest" time="12.190" errors="0" timestamp="2023-02-28T18:16:25 IST" skipped="0">
  <testcase classname="Home.testNG.BrowserTest" name="launch" time="12.190"/>
  <system-out/>
</testsuite> <!-- Home.testNG.BrowserTest -->
